2024-11-23 19:00:25,296 - INFO - Configuration: Configuration sauvegardée
2024-11-23 19:04:32,230 - INFO - Configuration: Configuration chargée avec succès
2024-11-23 19:09:07,453 - INFO - Configuration: Configuration chargée avec succès
2024-11-23 19:09:20,291 - INFO - Configuration: Configuration sauvegardée
2024-11-23 19:09:20,291 - INFO - Modification paramètre: temperature_cible: 22.0 → 22.0
2024-11-23 19:10:31,517 - INFO - Configuration: Configuration chargée avec succès
2024-11-23 19:10:40,865 - INFO - Configuration: Configuration chargée avec succès
2024-11-23 19:10:59,433 - INFO - Configuration: Configuration chargée avec succès
2024-11-23 19:12:04,636 - INFO - Configuration: Configuration chargée avec succès
2024-11-23 19:12:18,834 - INFO - Configuration: Configuration chargée avec succès
2024-11-23 19:13:03,866 - INFO - Configuration: Configuration chargée avec succès
2024-11-23 19:14:41,607 - INFO - Configuration: Configuration chargée avec succès
2024-11-23 19:14:45,560 - INFO - Configuration: Configuration chargée avec succès
2024-11-23 19:16:00,218 - INFO - Configuration: Configuration chargée avec succès
2024-11-23 19:19:17,550 - INFO - Configuration: Configuration chargée avec succès
2024-11-23 19:19:31,820 - INFO - Configuration: Configuration chargée avec succès
2024-11-23 19:19:48,839 - INFO - Configuration: Configuration sauvegardée
2024-11-23 19:19:48,839 - INFO - Modification paramètre: vitesse_moteur_max: 2000.0 → 1800.0
2024-11-23 19:21:39,705 - INFO - Configuration: Configuration sauvegardée
2024-11-23 19:21:39,706 - INFO - Modification paramètre: vitesse_moteur_max: 1800.0 → 1800.0
2024-11-23 19:22:07,006 - INFO - Configuration: Configuration chargée avec succès
2024-11-23 19:22:16,465 - INFO - Configuration: Configuration sauvegardée
2024-11-23 19:22:16,466 - INFO - Modification paramètre: temperature_cible: 22.0 → 10.0
2024-11-23 19:22:37,521 - INFO - Configuration: Configuration chargée avec succès
2024-11-23 19:22:42,470 - INFO - Configuration: Configuration sauvegardée
2024-11-23 19:22:42,470 - INFO - Modification paramètre: temperature_cible: 10.0 → 11.0
2024-11-23 19:23:26,885 - INFO - Configuration: Configuration chargée avec succès
2024-11-23 19:23:33,203 - INFO - Configuration: Configuration sauvegardée
2024-11-23 19:23:33,203 - INFO - Modification paramètre: temperature_cible: 11.0 → 13.0
2024-11-23 19:23:39,828 - INFO - Configuration: Configuration sauvegardée
2024-11-23 19:23:39,828 - INFO - Changement état: Démarrage → Marche
2024-11-23 19:25:42,050 - INFO - Configuration: Configuration chargée avec succès
2024-11-23 19:25:55,771 - INFO - Configuration: Configuration sauvegardée
2024-11-23 19:25:55,771 - INFO - Modification paramètre: seuil_temperature_fumee: 200.0 → 200.0
2024-11-23 20:00:12,186 - INFO - Configuration: Configuration chargée avec succès
2024-11-23 20:00:29,216 - INFO - Configuration: Configuration sauvegardée
2024-11-23 20:00:29,216 - INFO - Changement état: Arrêt → Arrêt
2024-11-23 20:00:32,554 - INFO - Configuration: Configuration sauvegardée
2024-11-23 20:00:32,554 - INFO - Changement état: Démarrage → Marche
2024-11-23 20:00:48,050 - INFO - Configuration: Configuration sauvegardée
2024-11-23 20:00:48,051 - INFO - Modification paramètre: seuil_temperature_fumee: 200.0 → 150.0
2024-11-24 11:18:19,705 - INFO - Configuration: Configuration chargée avec succès
2024-11-24 11:25:57,575 - INFO - Configuration: Configuration chargée avec succès
2024-11-24 11:26:11,214 - INFO - Configuration: Configuration chargée avec succès
2024-11-24 11:28:48,940 - INFO - Configuration: Configuration chargée avec succès
2024-11-24 11:31:25,502 - INFO - Configuration: Configuration chargée avec succès
2024-11-24 11:31:38,903 - INFO - Configuration: Configuration sauvegardée
2024-11-24 11:31:38,904 - INFO - Modification paramètre: temperature_cible: 13.0 → 16.0
2024-11-24 11:31:48,180 - INFO - Configuration: Configuration sauvegardée
2024-11-24 11:31:48,180 - INFO - Changement état: Arrêt → Arrêt
2024-11-24 11:32:00,511 - INFO - Configuration: Configuration sauvegardée
2024-11-24 11:32:00,511 - INFO - Modification paramètre: seuil_temperature_fumee: 150.0 → 100.0
2024-11-24 11:33:23,523 - INFO - Configuration: Configuration chargée avec succès
2024-11-24 11:34:45,530 - INFO - Configuration: Configuration chargée avec succès
2024-11-24 11:34:51,820 - INFO - Configuration: Configuration sauvegardée
2024-11-24 11:34:51,820 - INFO - Modification paramètre: seuil_temperature_fumee: 100.0 → 111.0
2024-11-24 11:35:52,751 - INFO - Configuration: Configuration chargée avec succès
2024-11-24 11:36:18,619 - INFO - Configuration: Configuration sauvegardée
2024-11-24 11:36:18,619 - INFO - Modification paramètre: vitesse_moteur_max: 1800.0 → 1600.0
2024-11-24 11:39:39,642 - INFO - Configuration: Configuration chargée avec succès
2024-11-24 11:40:03,496 - INFO - Configuration: Configuration chargée avec succès
2024-11-24 11:41:59,327 - INFO - Configuration: Configuration chargée avec succès
2024-11-24 11:42:50,581 - INFO - Configuration: Configuration chargée avec succès
2024-11-24 11:46:13,313 - INFO - Configuration: Configuration sauvegardée
2024-11-24 11:46:13,314 - INFO - Modification paramètre: temperature_cible: 16.0 → 17.0
2024-11-24 11:46:56,467 - INFO - Configuration: Configuration chargée avec succès
2024-11-24 11:47:54,392 - INFO - Configuration: Configuration chargée avec succès
2024-11-24 11:48:38,549 - INFO - Configuration: Configuration sauvegardée
2024-11-24 11:48:38,550 - INFO - Changement état: Démarrage → Marche
2024-11-24 11:48:41,271 - INFO - Configuration: Configuration sauvegardée
2024-11-24 11:48:41,271 - INFO - Changement état: Arrêt → Arrêt
2024-11-24 11:48:42,870 - INFO - Configuration: Configuration sauvegardée
2024-11-24 11:48:42,870 - INFO - Changement état: Démarrage → Marche
2024-11-24 11:48:44,667 - INFO - Configuration: Configuration sauvegardée
2024-11-24 11:48:44,667 - INFO - Changement état: Arrêt → Arrêt
2024-11-24 11:50:51,564 - INFO - Configuration: Configuration sauvegardée
2024-11-24 11:50:51,565 - INFO - Modification paramètre: vitesse_moteur_max: 1600.0 → 1800.0
2024-11-24 11:51:32,684 - INFO - Configuration: Configuration chargée avec succès
2024-11-24 11:53:00,249 - INFO - Configuration: Configuration chargée avec succès
2024-11-24 11:53:06,603 - INFO - Configuration: Configuration sauvegardée
2024-11-24 11:53:06,603 - INFO - Modification paramètre: temperature_cible: 17.0 → 18.0
2024-11-24 11:59:52,024 - INFO - Configuration: Configuration sauvegardée
2024-11-24 11:59:52,024 - INFO - Modification paramètre: temperature_cible: 18.0 → 30.0
